[2026-06-24 11:04:46,258: INFO: common: yaml file: config\config.yaml loaded successfully]
[2026-06-24 11:04:46,276: INFO: common: yaml file: params.yaml loaded successfully]
[2026-06-24 11:04:46,281: INFO: common: yaml file: schema.yaml loaded successfully]
[2026-06-24 11:04:46,283: INFO: common: created directory at: artifacts]
[2026-06-24 11:04:46,286: INFO: common: created directory at: artifacts/data_ingestion]
[2026-06-24 11:04:59,215: INFO: 2366278714: artifacts/data_ingestion/data.zip download! with following info: 
Connection: close
Content-Length: 344370
Cache-Control: max-age=300
Content-Security-Policy: default-src 'none'; style-src 'unsafe-inline'; sandbox
Content-Type: application/zip
ETag: "e8b7b5a532418beae39d2bcf80a364199d2b9f0459a91e2919dcf82b6946df53"
Strict-Transport-Security: max-age=31536000
X-Content-Type-Options: nosniff
X-Frame-Options: deny
X-XSS-Protection: 1; mode=block
X-GitHub-Request-Id: 3510:22D7A8:1E7363:49F93C:6A3B6C7B
Accept-Ranges: bytes
Date: Wed, 24 Jun 2026 05:34:59 GMT
Via: 1.1 varnish
X-Served-By: cache-maa10235-MAA
X-Cache: MISS
X-Cache-Hits: 0
X-Timer: S1782279300.659122,VS0,VE297
Vary: Authorization,Accept-Encoding
Access-Control-Allow-Origin: *
Cross-Origin-Resource-Policy: cross-origin
X-Fastly-Request-ID: 3870e5f39d3ad98464dc13fd0da3e205c866764e
Expires: Wed, 24 Jun 2026 05:39:59 GMT
Source-Age: 0

]
